<?xml version="1.0"?>
<testsuite name="Chrome 75.0.3770 (Mac OS X 10.12.6)" package="" timestamp="2019-07-26T13:28:34" id="0" hostname="LIB-ITSM19.local" tests="3" errors="0" failures="1" time="2.012">
  <properties>
    <property name="browser.fullName" value="Mozilla/5.0 (Macintosh; Intel Mac OS X 10_12_6) AppleWebKit/537.36 (KHTML, like Gecko) Chrome/75.0.3770.142 Safari/537.36"/>
  </properties>
  <testcase name="Jobs Jobs render shows the list of job items" time="0.001" classname="Chrome_75_0_3770_(Mac_OS_X_10_12_6).Jobs"/>
  <testcase name="Jobs Jobs render renders each job instance" time="2.011" classname="Chrome_75_0_3770_(Mac_OS_X_10_12_6).Jobs">
    <failure type="">AssertionError: expected 3 to equal 10
    at Context.&lt;anonymous&gt; (test/bigtest/index.js:387626:76)
    at loop (test/bigtest/index.js:7876:23)
</failure>
  </testcase>
  <system-out>
    <![CDATA[
]]>
  </system-out>
  <system-err/>
</testsuite>