TN:
SF:/Users/am693/Documents/erm/ui-local-kb-admin/src/index.js
FN:17,(anonymous_0)
FNF:1
FNH:1
FNDA:7,(anonymous_0)
DA:18,7
DA:20,7
DA:21,0
DA:24,7
LF:4
LH:3
BRDA:20,0,0,0
BRDA:20,0,1,7
BRF:2
BRH:1
end_of_record
TN:
SF:/Users/am693/Documents/erm/ui-local-kb-admin/src/components/FormattedDateTime.js
FN:10,(anonymous_0)
FNF:1
FNH:1
FNDA:114,(anonymous_0)
DA:11,114
DA:12,114
LF:2
LH:2
BRF:0
BRH:0
end_of_record
TN:
SF:/Users/am693/Documents/erm/ui-local-kb-admin/src/components/JobFilters/JobFilters.js
FN:33,(anonymous_0)
FN:36,(anonymous_1)
FN:39,(anonymous_2)
FN:49,(anonymous_3)
FN:58,(anonymous_4)
FN:65,(anonymous_5)
FN:72,(anonymous_6)
FNF:7
FNH:6
FNDA:25,(anonymous_0)
FNDA:50,(anonymous_1)
FNDA:14,(anonymous_2)
FNDA:75,(anonymous_3)
FNDA:0,(anonymous_4)
FNDA:2,(anonymous_5)
FNDA:25,(anonymous_6)
DA:7,1
DA:34,25
DA:36,25
DA:37,50
DA:38,50
DA:39,14
DA:43,25
DA:45,21
DA:50,75
DA:51,75
DA:52,75
DA:58,0
DA:65,2
DA:73,25
LF:14
LH:13
BRDA:38,0,0,4
BRDA:38,0,1,46
BRDA:43,1,0,4
BRDA:43,1,1,21
BRDA:51,2,0,75
BRDA:51,2,1,50
BRF:6
BRH:6
end_of_record
TN:
SF:/Users/am693/Documents/erm/ui-local-kb-admin/src/components/JobFilters/index.js
FNF:0
FNH:0
LF:0
LH:0
BRF:0
BRH:0
end_of_record
TN:
SF:/Users/am693/Documents/erm/ui-local-kb-admin/src/components/views/ErrorLogs.js
FN:15,(anonymous_0)
FN:20,(anonymous_1)
FN:37,(anonymous_2)
FN:44,(anonymous_3)
FNF:4
FNH:0
FNDA:0,(anonymous_0)
FNDA:0,(anonymous_1)
FNDA:0,(anonymous_2)
FNDA:0,(anonymous_3)
DA:16,0
DA:17,0
DA:21,0
DA:22,0
DA:23,0
DA:26,0
DA:37,0
DA:45,0
DA:46,0
LF:9
LH:0
BRDA:22,0,0,0
BRDA:22,0,1,0
BRDA:37,1,0,0
BRDA:37,1,1,0
BRF:4
BRH:0
end_of_record
TN:
SF:/Users/am693/Documents/erm/ui-local-kb-admin/src/components/views/InfoLogs.js
FN:15,(anonymous_0)
FN:20,(anonymous_1)
FN:37,(anonymous_2)
FN:44,(anonymous_3)
FNF:4
FNH:0
FNDA:0,(anonymous_0)
FNDA:0,(anonymous_1)
FNDA:0,(anonymous_2)
FNDA:0,(anonymous_3)
DA:16,0
DA:17,0
DA:21,0
DA:22,0
DA:23,0
DA:26,0
DA:37,0
DA:45,0
DA:46,0
LF:9
LH:0
BRDA:22,0,0,0
BRDA:22,0,1,0
BRDA:37,1,0,0
BRDA:37,1,1,0
BRF:4
BRH:0
end_of_record
TN:
SF:/Users/am693/Documents/erm/ui-local-kb-admin/src/components/views/JobInfo.js
FN:39,(anonymous_0)
FN:55,(anonymous_1)
FN:65,(anonymous_2)
FN:66,(anonymous_3)
FN:74,(anonymous_4)
FN:78,(anonymous_5)
FN:97,(anonymous_6)
FNF:7
FNH:0
FNDA:0,(anonymous_0)
FNDA:0,(anonymous_1)
FNDA:0,(anonymous_2)
FNDA:0,(anonymous_3)
FNDA:0,(anonymous_4)
FNDA:0,(anonymous_5)
FNDA:0,(anonymous_6)
DA:40,0
DA:56,0
DA:57,0
DA:66,0
DA:75,0
DA:79,0
DA:80,0
DA:82,0
DA:98,0
DA:100,0
DA:101,0
DA:103,0
LF:12
LH:0
BRDA:100,0,0,0
BRDA:100,0,1,0
BRDA:133,1,0,0
BRDA:133,1,1,0
BRDA:144,2,0,0
BRDA:144,2,1,0
BRDA:148,3,0,0
BRDA:148,3,1,0
BRDA:157,4,0,0
BRDA:157,4,1,0
BRDA:161,5,0,0
BRDA:161,5,1,0
BRDA:168,6,0,0
BRDA:168,6,1,0
BRDA:172,7,0,0
BRDA:172,7,1,0
BRDA:180,8,0,0
BRDA:180,8,1,0
BRDA:196,9,0,0
BRDA:196,9,1,0
BRF:20
BRH:0
end_of_record
TN:
SF:/Users/am693/Documents/erm/ui-local-kb-admin/src/components/views/Jobs.js
FN:68,(anonymous_0)
FN:69,(anonymous_1)
FN:70,(anonymous_2)
FN:71,(anonymous_3)
FN:72,(anonymous_4)
FN:73,(anonymous_5)
FN:76,(anonymous_6)
FN:94,(anonymous_7)
FN:98,(anonymous_8)
FN:99,(anonymous_9)
FN:104,(anonymous_10)
FN:121,(anonymous_11)
FN:130,(anonymous_12)
FN:132,(anonymous_13)
FN:147,(anonymous_14)
FN:156,(anonymous_15)
FN:182,(anonymous_16)
FN:193,(anonymous_17)
FN:207,(anonymous_18)
FN:218,(anonymous_19)
FNF:20
FNH:17
FNDA:57,(anonymous_0)
FNDA:57,(anonymous_1)
FNDA:57,(anonymous_2)
FNDA:57,(anonymous_3)
FNDA:57,(anonymous_4)
FNDA:57,(anonymous_5)
FNDA:57,(anonymous_6)
FNDA:57,(anonymous_7)
FNDA:0,(anonymous_8)
FNDA:0,(anonymous_9)
FNDA:25,(anonymous_10)
FNDA:25,(anonymous_11)
FNDA:25,(anonymous_12)
FNDA:25,(anonymous_13)
FNDA:25,(anonymous_14)
FNDA:23,(anonymous_15)
FNDA:25,(anonymous_16)
FNDA:25,(anonymous_17)
FNDA:25,(anonymous_18)
FNDA:0,(anonymous_19)
DA:68,57
DA:69,57
DA:70,57
DA:71,57
DA:72,57
DA:73,57
DA:77,57
DA:79,57
DA:95,57
DA:99,0
DA:105,25
DA:106,2
DA:109,23
DA:122,25
DA:123,25
DA:124,25
DA:127,25
DA:131,25
DA:133,25
DA:148,25
DA:149,19
DA:150,19
DA:153,6
DA:165,23
DA:167,23
DA:168,23
DA:169,23
DA:170,23
DA:172,23
DA:193,25
DA:195,25
DA:208,25
DA:219,0
LF:33
LH:31
BRDA:68,0,0,57
BRDA:68,0,1,0
BRDA:69,1,0,0
BRDA:69,1,1,57
BRDA:71,2,0,57
BRDA:71,2,1,57
BRDA:72,3,0,57
BRDA:72,3,1,57
BRDA:73,4,0,57
BRDA:73,4,1,0
BRDA:77,5,0,0
BRDA:105,6,0,2
BRDA:105,6,1,23
BRDA:113,7,0,23
BRDA:113,7,1,23
BRDA:123,8,0,25
BRDA:123,8,1,0
BRDA:124,9,0,25
BRDA:124,9,1,0
BRDA:137,10,0,0
BRDA:137,10,1,25
BRDA:137,11,0,25
BRDA:137,11,1,0
BRDA:148,12,0,19
BRDA:148,12,1,6
BRDA:148,13,0,25
BRDA:148,13,1,23
BRDA:149,14,0,19
BRDA:149,14,1,0
BRDA:167,15,0,23
BRDA:167,15,1,2
BRDA:168,16,0,21
BRDA:168,16,1,2
BRDA:169,17,0,23
BRDA:169,17,1,14
BRDA:193,18,0,25
BRDA:193,18,1,12
BRDA:197,19,0,25
BRDA:197,19,1,25
BRDA:229,20,0,25
BRDA:229,20,1,0
BRDA:277,21,0,0
BRDA:277,21,1,25
BRF:43
BRH:32
end_of_record
TN:
SF:/Users/am693/Documents/erm/ui-local-kb-admin/src/routes/JobCreateRoute.js
FN:13,(anonymous_0)
FN:25,(anonymous_1)
FNF:2
FNH:0
FNDA:0,(anonymous_0)
FNDA:0,(anonymous_1)
DA:13,0
DA:26,0
LF:2
LH:0
BRF:0
BRH:0
end_of_record
TN:
SF:/Users/am693/Documents/erm/ui-local-kb-admin/src/routes/JobViewRoute.js
FN:31,(anonymous_0)
FN:35,(anonymous_1)
FNF:2
FNH:0
FNDA:0,(anonymous_0)
FNDA:0,(anonymous_1)
DA:32,0
DA:36,0
DA:37,0
LF:3
LH:0
BRF:0
BRH:0
end_of_record
TN:
SF:/Users/am693/Documents/erm/ui-local-kb-admin/src/routes/JobsRoute.js
FN:32,(anonymous_0)
FN:37,(anonymous_1)
FN:59,(anonymous_2)
FN:66,(anonymous_3)
FN:74,(anonymous_4)
FN:92,(anonymous_5)
FN:106,(anonymous_6)
FN:110,(anonymous_7)
FNF:8
FNH:6
FNDA:0,(anonymous_0)
FNDA:0,(anonymous_1)
FNDA:2,(anonymous_2)
FNDA:2,(anonymous_3)
FNDA:21,(anonymous_4)
FNDA:4,(anonymous_5)
FNDA:23,(anonymous_6)
FNDA:23,(anonymous_7)
DA:9,1
DA:10,1
DA:32,0
DA:37,0
DA:60,2
DA:62,2
DA:63,2
DA:67,2
DA:69,2
DA:70,0
DA:75,21
DA:76,21
DA:78,21
DA:79,0
DA:81,0
DA:82,0
DA:83,0
DA:85,0
DA:86,0
DA:87,0
DA:93,4
DA:99,4
DA:100,0
DA:102,4
DA:107,23
DA:111,23
DA:112,23
DA:113,21
DA:116,23
LF:29
LH:18
BRDA:69,0,0,0
BRDA:69,0,1,2
BRDA:78,1,0,0
BRDA:78,1,1,21
BRDA:85,2,0,0
BRDA:85,2,1,0
BRDA:85,3,0,0
BRDA:85,3,1,0
BRDA:85,3,2,0
BRDA:99,4,0,0
BRDA:99,4,1,4
BRDA:112,5,0,21
BRDA:112,5,1,2
BRF:13
BRH:5
end_of_record
